
Log started: 2023-10-22  14:16:58
(Reading database ... 24137 files and directories currently installed.)
Preparing to unpack .../motd-news-config_12ubuntu4.4_all.deb ...
Unpacking motd-news-config (12ubuntu4.4) over (12ubuntu4.3) ...
Preparing to unpack .../gcc-12-base_12.3.0-1ubuntu1~22.04_amd64.deb ...
Unpacking gcc-12-base:amd64 (12.3.0-1ubuntu1~22.04) over (12.1.0-2ubuntu1~22.04) ...
Setting up gcc-12-base:amd64 (12.3.0-1ubuntu1~22.04) ...
(Reading database ... 24137 files and directories currently installed.)
Preparing to unpack .../libgcc-s1_12.3.0-1ubuntu1~22.04_amd64.deb ...
Unpacking libgcc-s1:amd64 (12.3.0-1ubuntu1~22.04) over (12.1.0-2ubuntu1~22.04) ...
Setting up libgcc-s1:amd64 (12.3.0-1ubuntu1~22.04) ...
(Reading database ... 24137 files and directories currently installed.)
Preparing to unpack .../libstdc++6_12.3.0-1ubuntu1~22.04_amd64.deb ...
Unpacking libstdc++6:amd64 (12.3.0-1ubuntu1~22.04) over (12.1.0-2ubuntu1~22.04) ...
Setting up libstdc++6:amd64 (12.3.0-1ubuntu1~22.04) ...
(Reading database ... 24137 files and directories currently installed.)
Preparing to unpack .../libc6_2.35-0ubuntu3.4_amd64.deb ...
Unpacking libc6:amd64 (2.35-0ubuntu3.4) over (2.35-0ubuntu3.1) ...
Setting up libc6:amd64 (2.35-0ubuntu3.4) ...
(Reading database ... 24137 files and directories currently installed.)
Preparing to unpack .../base-files_12ubuntu4.4_amd64.deb ...
Unpacking base-files (12ubuntu4.4) over (12ubuntu4.3) ...
Setting up base-files (12ubuntu4.4) ...
Installing new version of config file /etc/issue ...
Installing new version of config file /etc/issue.net ...
Installing new version of config file /etc/lsb-release ...
(Reading database ... 24137 files and directories currently installed.)
Preparing to unpack .../libnss-systemd_249.11-0ubuntu3.10_amd64.deb ...
Unpacking libnss-systemd:amd64 (249.11-0ubuntu3.10) over (249.11-0ubuntu3.9) ...
Preparing to unpack .../libsystemd0_249.11-0ubuntu3.10_amd64.deb ...
Unpacking libsystemd0:amd64 (249.11-0ubuntu3.10) over (249.11-0ubuntu3.9) ...
Setting up libsystemd0:amd64 (249.11-0ubuntu3.10) ...
(Reading database ... 24137 files and directories currently installed.)
Preparing to unpack .../0-systemd-timesyncd_249.11-0ubuntu3.10_amd64.deb ...
Unpacking systemd-timesyncd (249.11-0ubuntu3.10) over (249.11-0ubuntu3.9) ...
Preparing to unpack .../1-systemd-sysv_249.11-0ubuntu3.10_amd64.deb ...
Unpacking systemd-sysv (249.11-0ubuntu3.10) over (249.11-0ubuntu3.9) ...
Preparing to unpack .../2-libpam-systemd_249.11-0ubuntu3.10_amd64.deb ...
Unpacking libpam-systemd:amd64 (249.11-0ubuntu3.10) over (249.11-0ubuntu3.9) ...
Preparing to unpack .../3-systemd_249.11-0ubuntu3.10_amd64.deb ...
Unpacking systemd (249.11-0ubuntu3.10) over (249.11-0ubuntu3.9) ...
Preparing to unpack .../4-udev_249.11-0ubuntu3.10_amd64.deb ...
Unpacking udev (249.11-0ubuntu3.10) over (249.11-0ubuntu3.9) ...
Preparing to unpack .../5-libudev1_249.11-0ubuntu3.10_amd64.deb ...
Unpacking libudev1:amd64 (249.11-0ubuntu3.10) over (249.11-0ubuntu3.9) ...
Setting up libudev1:amd64 (249.11-0ubuntu3.10) ...
(Reading database ... 24137 files and directories currently installed.)
Preparing to unpack .../libcap2_1%3a2.44-1ubuntu0.22.04.1_amd64.deb ...
Unpacking libcap2:amd64 (1:2.44-1ubuntu0.22.04.1) over (1:2.44-1build3) ...
Setting up libcap2:amd64 (1:2.44-1ubuntu0.22.04.1) ...
(Reading database ... 24137 files and directories currently installed.)
Preparing to unpack .../libxtables12_1.8.7-1ubuntu5.1_amd64.deb ...
Unpacking libxtables12:amd64 (1.8.7-1ubuntu5.1) over (1.8.7-1ubuntu5) ...
Preparing to unpack .../iptables_1.8.7-1ubuntu5.1_amd64.deb ...
Unpacking iptables (1.8.7-1ubuntu5.1) over (1.8.7-1ubuntu5) ...
Preparing to unpack .../libip6tc2_1.8.7-1ubuntu5.1_amd64.deb ...
Unpacking libip6tc2:amd64 (1.8.7-1ubuntu5.1) over (1.8.7-1ubuntu5) ...
Preparing to unpack .../libip4tc2_1.8.7-1ubuntu5.1_amd64.deb ...
Unpacking libip4tc2:amd64 (1.8.7-1ubuntu5.1) over (1.8.7-1ubuntu5) ...
Preparing to unpack .../libssl3_3.0.2-0ubuntu1.10_amd64.deb ...
Unpacking libssl3:amd64 (3.0.2-0ubuntu1.10) over (3.0.2-0ubuntu1.9) ...
Setting up libssl3:amd64 (3.0.2-0ubuntu1.10) ...
(Reading database ... 24137 files and directories currently installed.)
Preparing to unpack .../libapt-pkg6.0_2.4.10_amd64.deb ...
Unpacking libapt-pkg6.0:amd64 (2.4.10) over (2.4.9) ...
Setting up libapt-pkg6.0:amd64 (2.4.10) ...
(Reading database ... 24137 files and directories currently installed.)
Preparing to unpack .../dpkg_1.21.1ubuntu2.2_amd64.deb ...
Unpacking dpkg (1.21.1ubuntu2.2) over (1.21.1ubuntu2.1) ...
Setting up dpkg (1.21.1ubuntu2.2) ...
(Reading database ... 24137 files and directories currently installed.)
Preparing to unpack .../ncurses-bin_6.3-2ubuntu0.1_amd64.deb ...
Unpacking ncurses-bin (6.3-2ubuntu0.1) over (6.3-2) ...
Setting up ncurses-bin (6.3-2ubuntu0.1) ...
(Reading database ... 24137 files and directories currently installed.)
Preparing to unpack .../libperl5.34_5.34.0-3ubuntu1.2_amd64.deb ...
Unpacking libperl5.34:amd64 (5.34.0-3ubuntu1.2) over (5.34.0-3ubuntu1.1) ...
Preparing to unpack .../perl_5.34.0-3ubuntu1.2_amd64.deb ...
Unpacking perl (5.34.0-3ubuntu1.2) over (5.34.0-3ubuntu1.1) ...
Preparing to unpack .../perl-base_5.34.0-3ubuntu1.2_amd64.deb ...
Unpacking perl-base (5.34.0-3ubuntu1.2) over (5.34.0-3ubuntu1.1) ...
Setting up perl-base (5.34.0-3ubuntu1.2) ...
(Reading database ... 24137 files and directories currently installed.)
Preparing to unpack .../perl-modules-5.34_5.34.0-3ubuntu1.2_all.deb ...
Unpacking perl-modules-5.34 (5.34.0-3ubuntu1.2) over (5.34.0-3ubuntu1.1) ...
Preparing to unpack .../libc-bin_2.35-0ubuntu3.4_amd64.deb ...
Unpacking libc-bin (2.35-0ubuntu3.4) over (2.35-0ubuntu3.1) ...
Setting up libc-bin (2.35-0ubuntu3.4) ...
(Reading database ... 24137 files and directories currently installed.)
Preparing to unpack .../ncurses-base_6.3-2ubuntu0.1_all.deb ...
Unpacking ncurses-base (6.3-2ubuntu0.1) over (6.3-2) ...
Setting up ncurses-base (6.3-2ubuntu0.1) ...
(Reading database ... 24137 files and directories currently installed.)
Preparing to unpack .../archives/apt_2.4.10_amd64.deb ...
Unpacking apt (2.4.10) over (2.4.9) ...
Setting up apt (2.4.10) ...
(Reading database ... 24137 files and directories currently installed.)
Preparing to unpack .../0-apt-utils_2.4.10_amd64.deb ...
Unpacking apt-utils (2.4.10) over (2.4.9) ...
Preparing to unpack .../1-libpython3.10_3.10.12-1~22.04.2_amd64.deb ...
Unpacking libpython3.10:amd64 (3.10.12-1~22.04.2) over (3.10.6-1~22.04.2ubuntu1) ...
Preparing to unpack .../2-python3.10_3.10.12-1~22.04.2_amd64.deb ...
Unpacking python3.10 (3.10.12-1~22.04.2) over (3.10.6-1~22.04.2ubuntu1) ...
Preparing to unpack .../3-libpython3.10-stdlib_3.10.12-1~22.04.2_amd64.deb ...
Unpacking libpython3.10-stdlib:amd64 (3.10.12-1~22.04.2) over (3.10.6-1~22.04.2ubuntu1) ...
Preparing to unpack .../4-python3.10-minimal_3.10.12-1~22.04.2_amd64.deb ...
Unpacking python3.10-minimal (3.10.12-1~22.04.2) over (3.10.6-1~22.04.2ubuntu1) ...
Preparing to unpack .../5-libpython3.10-minimal_3.10.12-1~22.04.2_amd64.deb ...
Unpacking libpython3.10-minimal:amd64 (3.10.12-1~22.04.2) over (3.10.6-1~22.04.2ubuntu1) ...
Preparing to unpack .../6-libncurses6_6.3-2ubuntu0.1_amd64.deb ...
Unpacking libncurses6:amd64 (6.3-2ubuntu0.1) over (6.3-2) ...
Preparing to unpack .../7-libncursesw6_6.3-2ubuntu0.1_amd64.deb ...
Unpacking libncursesw6:amd64 (6.3-2ubuntu0.1) over (6.3-2) ...
Preparing to unpack .../8-libtinfo6_6.3-2ubuntu0.1_amd64.deb ...
Unpacking libtinfo6:amd64 (6.3-2ubuntu0.1) over (6.3-2) ...
Setting up libtinfo6:amd64 (6.3-2ubuntu0.1) ...
(Reading database ... 24139 files and directories currently installed.)
Preparing to unpack .../0-libglib2.0-data_2.72.4-0ubuntu2.2_all.deb ...
Unpacking libglib2.0-data (2.72.4-0ubuntu2.2) over (2.72.4-0ubuntu2) ...
Preparing to unpack .../1-libglib2.0-bin_2.72.4-0ubuntu2.2_amd64.deb ...
Unpacking libglib2.0-bin (2.72.4-0ubuntu2.2) over (2.72.4-0ubuntu2) ...
Preparing to unpack .../2-libglib2.0-0_2.72.4-0ubuntu2.2_amd64.deb ...
Unpacking libglib2.0-0:amd64 (2.72.4-0ubuntu2.2) over (2.72.4-0ubuntu2) ...
Preparing to unpack .../3-irqbalance_1.8.0-1ubuntu0.1_amd64.deb ...
Unpacking irqbalance (1.8.0-1ubuntu0.1) over (1.8.0-1build1) ...
Preparing to unpack .../4-gawk_1%3a5.1.0-1ubuntu0.1_amd64.deb ...
Unpacking gawk (1:5.1.0-1ubuntu0.1) over (1:5.1.0-1build3) ...
Preparing to unpack .../5-libk5crypto3_1.19.2-2ubuntu0.2_amd64.deb ...
Unpacking libk5crypto3:amd64 (1.19.2-2ubuntu0.2) over (1.19.2-2ubuntu0.1) ...
Setting up libk5crypto3:amd64 (1.19.2-2ubuntu0.2) ...
(Reading database ... 24139 files and directories currently installed.)
Preparing to unpack .../libkrb5support0_1.19.2-2ubuntu0.2_amd64.deb ...
Unpacking libkrb5support0:amd64 (1.19.2-2ubuntu0.2) over (1.19.2-2ubuntu0.1) ...
Setting up libkrb5support0:amd64 (1.19.2-2ubuntu0.2) ...
(Reading database ... 24139 files and directories currently installed.)
Preparing to unpack .../libkrb5-3_1.19.2-2ubuntu0.2_amd64.deb ...
Unpacking libkrb5-3:amd64 (1.19.2-2ubuntu0.2) over (1.19.2-2ubuntu0.1) ...
Setting up libkrb5-3:amd64 (1.19.2-2ubuntu0.2) ...
(Reading database ... 24139 files and directories currently installed.)
Preparing to unpack .../libgssapi-krb5-2_1.19.2-2ubuntu0.2_amd64.deb ...
Unpacking libgssapi-krb5-2:amd64 (1.19.2-2ubuntu0.2) over (1.19.2-2ubuntu0.1) ...
Setting up libgssapi-krb5-2:amd64 (1.19.2-2ubuntu0.2) ...
(Reading database ... 24139 files and directories currently installed.)
Preparing to unpack .../00-openssl_3.0.2-0ubuntu1.10_amd64.deb ...
Unpacking openssl (3.0.2-0ubuntu1.10) over (3.0.2-0ubuntu1.9) ...
Preparing to unpack .../01-ca-certificates_20230311ubuntu0.22.04.1_all.deb ...
Unpacking ca-certificates (20230311ubuntu0.22.04.1) over (20211016ubuntu0.22.04.1) ...
Preparing to unpack .../02-distro-info-data_0.52ubuntu0.4_all.deb ...
Unpacking distro-info-data (0.52ubuntu0.4) over (0.52ubuntu0.3) ...
Preparing to unpack .../03-distro-info_1.1ubuntu0.1_amd64.deb ...
Unpacking distro-info (1.1ubuntu0.1) over (1.1build1) ...
Preparing to unpack .../04-libpam-cap_1%3a2.44-1ubuntu0.22.04.1_amd64.deb ...
Unpacking libpam-cap:amd64 (1:2.44-1ubuntu0.22.04.1) over (1:2.44-1build3) ...
Preparing to unpack .../05-libcap2-bin_1%3a2.44-1ubuntu0.22.04.1_amd64.deb ...
Unpacking libcap2-bin (1:2.44-1ubuntu0.22.04.1) over (1:2.44-1build3) ...
Preparing to unpack .../06-libjson-c5_0.15-3~ubuntu1.22.04.2_amd64.deb ...
Unpacking libjson-c5:amd64 (0.15-3~ubuntu1.22.04.2) over (0.15-3~ubuntu1.22.04.1) ...
Preparing to unpack .../07-netplan.io_0.106.1-7ubuntu0.22.04.2_amd64.deb ...
Unpacking netplan.io (0.106.1-7ubuntu0.22.04.2) over (0.105-0ubuntu2~22.04.3) ...
Preparing to unpack .../08-libnetplan0_0.106.1-7ubuntu0.22.04.2_amd64.deb ...
Unpacking libnetplan0:amd64 (0.106.1-7ubuntu0.22.04.2) over (0.105-0ubuntu2~22.04.3) ...
Preparing to unpack .../09-locales_2.35-0ubuntu3.4_all.deb ...
Unpacking locales (2.35-0ubuntu3.4) over (2.35-0ubuntu3.1) ...
Preparing to unpack .../10-python-apt-common_2.4.0ubuntu2_all.deb ...
Unpacking python-apt-common (2.4.0ubuntu2) over (2.4.0ubuntu1) ...
Preparing to unpack .../11-python3-apt_2.4.0ubuntu2_amd64.deb ...
Unpacking python3-apt (2.4.0ubuntu2) over (2.4.0ubuntu1) ...
Preparing to unpack .../12-tzdata_2023c-0ubuntu0.22.04.2_all.deb ...
Unpacking tzdata (2023c-0ubuntu0.22.04.2) over (2023c-0ubuntu0.22.04.1) ...
Preparing to unpack .../13-ubuntu-advantage-tools_29.4~22.04_amd64.deb ...
Unpacking ubuntu-advantage-tools (29.4~22.04) over (27.14.4~22.04) ...
Preparing to unpack .../14-xxd_2%3a8.2.3995-1ubuntu2.12_amd64.deb ...
Unpacking xxd (2:8.2.3995-1ubuntu2.12) over (2:8.2.3995-1ubuntu2.7) ...
Preparing to unpack .../15-vim_2%3a8.2.3995-1ubuntu2.12_amd64.deb ...
Unpacking vim (2:8.2.3995-1ubuntu2.12) over (2:8.2.3995-1ubuntu2.7) ...
Preparing to unpack .../16-vim-tiny_2%3a8.2.3995-1ubuntu2.12_amd64.deb ...
Unpacking vim-tiny (2:8.2.3995-1ubuntu2.12) over (2:8.2.3995-1ubuntu2.7) ...
Preparing to unpack .../17-vim-runtime_2%3a8.2.3995-1ubuntu2.12_all.deb ...
Unpacking vim-runtime (2:8.2.3995-1ubuntu2.12) over (2:8.2.3995-1ubuntu2.7) ...
Preparing to unpack .../18-vim-common_2%3a8.2.3995-1ubuntu2.12_all.deb ...
Unpacking vim-common (2:8.2.3995-1ubuntu2.12) over (2:8.2.3995-1ubuntu2.7) ...
Preparing to unpack .../19-ubuntu-minimal_1.481.1_amd64.deb ...
Unpacking ubuntu-minimal (1.481.1) over (1.481) ...
Preparing to unpack .../20-bind9-dnsutils_1%3a9.18.12-0ubuntu0.22.04.3_amd64.deb ...
Unpacking bind9-dnsutils (1:9.18.12-0ubuntu0.22.04.3) over (1:9.18.12-0ubuntu0.22.04.1) ...
Preparing to unpack .../21-bind9-host_1%3a9.18.12-0ubuntu0.22.04.3_amd64.deb ...
Unpacking bind9-host (1:9.18.12-0ubuntu0.22.04.3) over (1:9.18.12-0ubuntu0.22.04.1) ...
Preparing to unpack .../22-bind9-libs_1%3a9.18.12-0ubuntu0.22.04.3_amd64.deb ...
Unpacking bind9-libs:amd64 (1:9.18.12-0ubuntu0.22.04.3) over (1:9.18.12-0ubuntu0.22.04.1) ...
Preparing to unpack .../23-file_1%3a5.41-3ubuntu0.1_amd64.deb ...
Unpacking file (1:5.41-3ubuntu0.1) over (1:5.41-3) ...
Preparing to unpack .../24-libmagic1_1%3a5.41-3ubuntu0.1_amd64.deb ...
Unpacking libmagic1:amd64 (1:5.41-3ubuntu0.1) over (1:5.41-3) ...
Preparing to unpack .../25-libmagic-mgc_1%3a5.41-3ubuntu0.1_amd64.deb ...
Unpacking libmagic-mgc (1:5.41-3ubuntu0.1) over (1:5.41-3) ...
Preparing to unpack .../26-libx11-data_2%3a1.7.5-1ubuntu0.3_all.deb ...
Unpacking libx11-data (2:1.7.5-1ubuntu0.3) over (2:1.7.5-1) ...
Preparing to unpack .../27-libx11-6_2%3a1.7.5-1ubuntu0.3_amd64.deb ...
Unpacking libx11-6:amd64 (2:1.7.5-1ubuntu0.3) over (2:1.7.5-1) ...
Preparing to unpack .../28-libldap-2.5-0_2.5.16+dfsg-0ubuntu0.22.04.1_amd64.deb ...
Unpacking libldap-2.5-0:amd64 (2.5.16+dfsg-0ubuntu0.22.04.1) over (2.5.14+dfsg-0ubuntu0.22.04.2) ...
Preparing to unpack .../29-libssh-4_0.9.6-2ubuntu0.22.04.1_amd64.deb ...
Unpacking libssh-4:amd64 (0.9.6-2ubuntu0.22.04.1) over (0.9.6-2build1) ...
Preparing to unpack .../30-libcurl3-gnutls_7.81.0-1ubuntu1.14_amd64.deb ...
Unpacking libcurl3-gnutls:amd64 (7.81.0-1ubuntu1.14) over (7.81.0-1ubuntu1.10) ...
Preparing to unpack .../31-git-man_1%3a2.34.1-1ubuntu1.10_all.deb ...
Unpacking git-man (1:2.34.1-1ubuntu1.10) over (1:2.34.1-1ubuntu1.9) ...
Preparing to unpack .../32-git_1%3a2.34.1-1ubuntu1.10_amd64.deb ...
Unpacking git (1:2.34.1-1ubuntu1.10) over (1:2.34.1-1ubuntu1.9) ...
Preparing to unpack .../33-openssh-client_1%3a8.9p1-3ubuntu0.4_amd64.deb ...
Unpacking openssh-client (1:8.9p1-3ubuntu0.4) over (1:8.9p1-3ubuntu0.1) ...
Preparing to unpack .../34-python3-distro-info_1.1ubuntu0.1_all.deb ...
Unpacking python3-distro-info (1.1ubuntu0.1) over (1.1build1) ...
Preparing to unpack .../35-ubuntu-release-upgrader-core_1%3a22.04.17_all.deb ...
Unpacking ubuntu-release-upgrader-core (1:22.04.17) over (1:22.04.16) ...
Preparing to unpack .../36-python3-distupgrade_1%3a22.04.17_all.deb ...
Unpacking python3-distupgrade (1:22.04.17) over (1:22.04.16) ...
Preparing to unpack .../37-python3-gdbm_3.10.8-1~22.04_amd64.deb ...
Unpacking python3-gdbm:amd64 (3.10.8-1~22.04) over (3.10.6-1~22.04) ...
Preparing to unpack .../38-ubuntu-standard_1.481.1_amd64.deb ...
Unpacking ubuntu-standard (1.481.1) over (1.481) ...
Preparing to unpack .../39-ufw_0.36.1-4ubuntu0.1_all.deb ...
Unpacking ufw (0.36.1-4ubuntu0.1) over (0.36.1-4build1) ...
Preparing to unpack .../40-python3-problem-report_2.20.11-0ubuntu82.5_all.deb ...
Unpacking python3-problem-report (2.20.11-0ubuntu82.5) over (2.20.11-0ubuntu82.4) ...
Preparing to unpack .../41-python3-apport_2.20.11-0ubuntu82.5_all.deb ...
Unpacking python3-apport (2.20.11-0ubuntu82.5) over (2.20.11-0ubuntu82.4) ...
Preparing to unpack .../42-apport_2.20.11-0ubuntu82.5_all.deb ...
Unpacking apport (2.20.11-0ubuntu82.5) over (2.20.11-0ubuntu82.4) ...
Preparing to unpack .../43-libctf0_2.38-4ubuntu2.3_amd64.deb ...
Unpacking libctf0:amd64 (2.38-4ubuntu2.3) over (2.38-4ubuntu2.1) ...
Preparing to unpack .../44-libctf-nobfd0_2.38-4ubuntu2.3_amd64.deb ...
Unpacking libctf-nobfd0:amd64 (2.38-4ubuntu2.3) over (2.38-4ubuntu2.1) ...
Preparing to unpack .../45-binutils-x86-64-linux-gnu_2.38-4ubuntu2.3_amd64.deb ...
Unpacking binutils-x86-64-linux-gnu (2.38-4ubuntu2.3) over (2.38-4ubuntu2.1) ...
Preparing to unpack .../46-libbinutils_2.38-4ubuntu2.3_amd64.deb ...
Unpacking libbinutils:amd64 (2.38-4ubuntu2.3) over (2.38-4ubuntu2.1) ...
Preparing to unpack .../47-binutils_2.38-4ubuntu2.3_amd64.deb ...
Unpacking binutils (2.38-4ubuntu2.3) over (2.38-4ubuntu2.1) ...
Preparing to unpack .../48-binutils-common_2.38-4ubuntu2.3_amd64.deb ...
Unpacking binutils-common:amd64 (2.38-4ubuntu2.3) over (2.38-4ubuntu2.1) ...
Preparing to unpack .../49-curl_7.81.0-1ubuntu1.14_amd64.deb ...
Unpacking curl (7.81.0-1ubuntu1.14) over (7.81.0-1ubuntu1.10) ...
Preparing to unpack .../50-libcurl4_7.81.0-1ubuntu1.14_amd64.deb ...
Unpacking libcurl4:amd64 (7.81.0-1ubuntu1.14) over (7.81.0-1ubuntu1.10) ...
Preparing to unpack .../51-libldap-common_2.5.16+dfsg-0ubuntu0.22.04.1_all.deb ...
Unpacking libldap-common (2.5.16+dfsg-0ubuntu0.22.04.1) over (2.5.14+dfsg-0ubuntu0.22.04.2) ...
Preparing to unpack .../52-libunwind8_1.3.2-2build2.1_amd64.deb ...
Unpacking libunwind8:amd64 (1.3.2-2build2.1) over (1.3.2-2build2) ...
Preparing to unpack .../53-software-properties-common_0.99.22.7_all.deb ...
Unpacking software-properties-common (0.99.22.7) over (0.99.22.6) ...
Preparing to unpack .../54-python3-software-properties_0.99.22.7_all.deb ...
Unpacking python3-software-properties (0.99.22.7) over (0.99.22.6) ...
Preparing to unpack .../55-snapd_2.58+22.04.1_amd64.deb ...
Unpacking snapd (2.58+22.04.1) over (2.58+22.04) ...
Preparing to unpack .../56-ubuntu-wsl_1.481.1_amd64.deb ...
Unpacking ubuntu-wsl (1.481.1) over (1.481) ...
Setting up libip4tc2:amd64 (1.8.7-1ubuntu5.1) ...
Setting up motd-news-config (12ubuntu4.4) ...
Setting up apt-utils (2.4.10) ...
Setting up libmagic-mgc (1:5.41-3ubuntu0.1) ...
Setting up gawk (1:5.1.0-1ubuntu0.1) ...
Setting up python3-gdbm:amd64 (3.10.8-1~22.04) ...
Setting up python3-problem-report (2.20.11-0ubuntu82.5) ...
Setting up libip6tc2:amd64 (1.8.7-1ubuntu5.1) ...
Setting up libglib2.0-0:amd64 (2.72.4-0ubuntu2.2) ...
No schema files found: doing nothing.
Setting up distro-info-data (0.52ubuntu0.4) ...
Setting up openssh-client (1:8.9p1-3ubuntu0.4) ...
Setting up binutils-common:amd64 (2.38-4ubuntu2.3) ...
Setting up libmagic1:amd64 (1:5.41-3ubuntu0.1) ...
Setting up libctf-nobfd0:amd64 (2.38-4ubuntu2.3) ...
Setting up libnetplan0:amd64 (0.106.1-7ubuntu0.22.04.2) ...
Setting up systemd (249.11-0ubuntu3.10) ...
Initializing machine ID from random generator.
Setting up file (1:5.41-3ubuntu0.1) ...
Setting up perl-modules-5.34 (5.34.0-3ubuntu1.2) ...
Setting up locales (2.35-0ubuntu3.4) ...
Generating locales (this might take a while)...
Generation complete.
Setting up libldap-common (2.5.16+dfsg-0ubuntu0.22.04.1) ...
Setting up libunwind8:amd64 (1.3.2-2build2.1) ...
Setting up libldap-2.5-0:amd64 (2.5.16+dfsg-0ubuntu0.22.04.1) ...
Setting up xxd (2:8.2.3995-1ubuntu2.12) ...
Setting up netplan.io (0.106.1-7ubuntu0.22.04.2) ...
Setting up tzdata (2023c-0ubuntu0.22.04.2) ...

Current default time zone: 'America/Los_Angeles'
Local time is now:      Sun Oct 22 14:17:56 PDT 2023.
Universal Time is now:  Sun Oct 22 21:17:56 UTC 2023.
Run 'dpkg-reconfigure tzdata' if you wish to change it.

Setting up libcap2-bin (1:2.44-1ubuntu0.22.04.1) ...
Setting up libglib2.0-data (2.72.4-0ubuntu2.2) ...
Setting up vim-common (2:8.2.3995-1ubuntu2.12) ...
Setting up libx11-data (2:1.7.5-1ubuntu0.3) ...
Setting up libncurses6:amd64 (6.3-2ubuntu0.1) ...
Setting up systemd-timesyncd (249.11-0ubuntu3.10) ...
Setting up udev (249.11-0ubuntu3.10) ...
invoke-rc.d: could not determine current runlevel
Setting up libpython3.10-minimal:amd64 (3.10.12-1~22.04.2) ...
Setting up libncursesw6:amd64 (6.3-2ubuntu0.1) ...
Setting up libxtables12:amd64 (1.8.7-1ubuntu5.1) ...
Setting up libssh-4:amd64 (0.9.6-2ubuntu0.22.04.1) ...
Setting up python-apt-common (2.4.0ubuntu2) ...
Setting up libcurl4:amd64 (7.81.0-1ubuntu1.14) ...
Setting up git-man (1:2.34.1-1ubuntu1.10) ...
Setting up libx11-6:amd64 (2:1.7.5-1ubuntu0.3) ...
Setting up curl (7.81.0-1ubuntu1.14) ...
Setting up libbinutils:amd64 (2.38-4ubuntu2.3) ...
Setting up vim-runtime (2:8.2.3995-1ubuntu2.12) ...
Setting up openssl (3.0.2-0ubuntu1.10) ...
Setting up libpam-cap:amd64 (1:2.44-1ubuntu0.22.04.1) ...
Setting up python3-distro-info (1.1ubuntu0.1) ...
Setting up libjson-c5:amd64 (0.15-3~ubuntu1.22.04.2) ...
Setting up libctf0:amd64 (2.38-4ubuntu2.3) ...
Setting up distro-info (1.1ubuntu0.1) ...
Setting up systemd-sysv (249.11-0ubuntu3.10) ...
Setting up libperl5.34:amd64 (5.34.0-3ubuntu1.2) ...
Setting up irqbalance (1.8.0-1ubuntu0.1) ...
invoke-rc.d: could not determine current runlevel
Setting up bind9-libs:amd64 (1:9.18.12-0ubuntu0.22.04.3) ...
Setting up iptables (1.8.7-1ubuntu5.1) ...
Setting up python3-apt (2.4.0ubuntu2) ...
Setting up libglib2.0-bin (2.72.4-0ubuntu2.2) ...
Setting up libnss-systemd:amd64 (249.11-0ubuntu3.10) ...
Setting up libcurl3-gnutls:amd64 (7.81.0-1ubuntu1.14) ...
Setting up ufw (0.36.1-4ubuntu0.1) ...
Setting up vim-tiny (2:8.2.3995-1ubuntu2.12) ...
Setting up python3-distupgrade (1:22.04.17) ...
Setting up python3.10-minimal (3.10.12-1~22.04.2) ...
Setting up python3-apport (2.20.11-0ubuntu82.5) ...
Setting up libpython3.10-stdlib:amd64 (3.10.12-1~22.04.2) ...
Setting up ca-certificates (20230311ubuntu0.22.04.1) ...
Updating certificates in /etc/ssl/certs...
rehash: warning: skipping ca-certificates.crt,it does not contain exactly one certificate or CRL
19 added, 6 removed; done.
Setting up perl (5.34.0-3ubuntu1.2) ...
Setting up python3-software-properties (0.99.22.7) ...
Setting up ubuntu-release-upgrader-core (1:22.04.17) ...
Setting up git (1:2.34.1-1ubuntu1.10) ...
Setting up libpam-systemd:amd64 (249.11-0ubuntu3.10) ...
Setting up ubuntu-advantage-tools (29.4~22.04) ...
Installing new version of config file /etc/ubuntu-advantage/help_data.yaml ...
Setting up bind9-host (1:9.18.12-0ubuntu0.22.04.3) ...
Setting up binutils-x86-64-linux-gnu (2.38-4ubuntu2.3) ...
Setting up snapd (2.58+22.04.1) ...
Setting up libpython3.10:amd64 (3.10.12-1~22.04.2) ...
Setting up vim (2:8.2.3995-1ubuntu2.12) ...
Setting up python3.10 (3.10.12-1~22.04.2) ...
Setting up ubuntu-minimal (1.481.1) ...
Setting up binutils (2.38-4ubuntu2.3) ...
Setting up software-properties-common (0.99.22.7) ...
Setting up apport (2.20.11-0ubuntu82.5) ...
invoke-rc.d: could not determine current runlevel
Setting up bind9-dnsutils (1:9.18.12-0ubuntu0.22.04.3) ...
Setting up ubuntu-wsl (1.481.1) ...
Setting up ubuntu-standard (1.481.1) ...
Processing triggers for plymouth-theme-ubuntu-text (0.9.5+git20211018-1ubuntu3) ...
Processing triggers for dbus (1.12.20-2ubuntu4.1) ...
Processing triggers for install-info (6.8-4build1) ...
Processing triggers for libc-bin (2.35-0ubuntu3.4) ...
Processing triggers for rsyslog (8.2112.0-2ubuntu2.2) ...
invoke-rc.d: unknown initscript, /etc/init.d/rsyslog not found.
invoke-rc.d: could not determine current runlevel
Processing triggers for man-db (2.10.2-1) ...
Processing triggers for ca-certificates (20230311ubuntu0.22.04.1) ...
Updating certificates in /etc/ssl/certs...
0 added, 0 removed; done.
Running hooks in /etc/ca-certificates/update.d...
done.
Log ended: 2023-10-22  14:18:36